<?xml version="1.0" encoding="UTF-8"?>
<testsuite xmlns:xsi="http://www.w3.org/2001/XMLSchema-instance" xsi:noNamespaceSchemaLocation="https://maven.apache.org/surefire/maven-surefire-plugin/xsd/surefire-test-report.xsd" name="ru.kocheshkov.tests.FirstTest" time="20.573" tests="1" errors="0" skipped="0" failures="0">
  <properties>
    <property name="java.specification.version" value="15"/>
    <property name="sun.cpu.isalist" value="amd64"/>
    <property name="sun.jnu.encoding" value="Cp1251"/>
    <property name="java.class.path" value="C:\Cases\SimbirSoftTestCase\target\test-classes;C:\Cases\SimbirSoftTestCase\target\classes;C:\Users\User\.m2\repository\org\seleniumhq\selenium\selenium-java\4.0.0-beta-3\selenium-java-4.0.0-beta-3.jar;C:\Users\User\.m2\repository\org\seleniumhq\selenium\selenium-api\4.0.0-beta-3\selenium-api-4.0.0-beta-3.jar;C:\Users\User\.m2\repository\org\seleniumhq\selenium\selenium-chrome-driver\4.0.0-beta-3\selenium-chrome-driver-4.0.0-beta-3.jar;C:\Users\User\.m2\repository\com\google\auto\service\auto-service-annotations\1.0-rc7\auto-service-annotations-1.0-rc7.jar;C:\Users\User\.m2\repository\com\google\auto\service\auto-service\1.0-rc7\auto-service-1.0-rc7.jar;C:\Users\User\.m2\repository\com\google\auto\auto-common\0.10\auto-common-0.10.jar;C:\Users\User\.m2\repository\com\google\guava\guava\30.1-jre\guava-30.1-jre.jar;C:\Users\User\.m2\repository\com\google\guava\failureaccess\1.0.1\failureaccess-1.0.1.jar;C:\Users\User\.m2\repository\com\google\guava\listenablefuture\9999.0-empty-to-avoid-conflict-with-guava\listenablefuture-9999.0-empty-to-avoid-conflict-with-guava.jar;C:\Users\User\.m2\repository\com\google\code\findbugs\jsr305\3.0.2\jsr305-3.0.2.jar;C:\Users\User\.m2\repository\org\checkerframework\checker-qual\3.5.0\checker-qual-3.5.0.jar;C:\Users\User\.m2\repository\com\google\errorprone\error_prone_annotations\2.3.4\error_prone_annotations-2.3.4.jar;C:\Users\User\.m2\repository\com\google\j2objc\j2objc-annotations\1.3\j2objc-annotations-1.3.jar;C:\Users\User\.m2\repository\org\seleniumhq\selenium\selenium-chromium-driver\4.0.0-beta-3\selenium-chromium-driver-4.0.0-beta-3.jar;C:\Users\User\.m2\repository\org\seleniumhq\selenium\selenium-devtools\4.0.0-beta-3\selenium-devtools-4.0.0-beta-3.jar;C:\Users\User\.m2\repository\org\seleniumhq\selenium\selenium-http\4.0.0-beta-3\selenium-http-4.0.0-beta-3.jar;C:\Users\User\.m2\repository\org\seleniumhq\selenium\selenium-json\4.0.0-beta-3\selenium-json-4.0.0-beta-3.jar;C:\Users\User\.m2\repository\org\seleniumhq\selenium\selenium-devtools-v85\4.0.0-beta-3\selenium-devtools-v85-4.0.0-beta-3.jar;C:\Users\User\.m2\repository\org\seleniumhq\selenium\selenium-devtools-v88\4.0.0-beta-3\selenium-devtools-v88-4.0.0-beta-3.jar;C:\Users\User\.m2\repository\org\seleniumhq\selenium\selenium-devtools-v89\4.0.0-beta-3\selenium-devtools-v89-4.0.0-beta-3.jar;C:\Users\User\.m2\repository\org\seleniumhq\selenium\selenium-devtools-v90\4.0.0-beta-3\selenium-devtools-v90-4.0.0-beta-3.jar;C:\Users\User\.m2\repository\org\seleniumhq\selenium\selenium-devtools-v91\4.0.0-beta-3\selenium-devtools-v91-4.0.0-beta-3.jar;C:\Users\User\.m2\repository\org\seleniumhq\selenium\selenium-edge-driver\4.0.0-beta-3\selenium-edge-driver-4.0.0-beta-3.jar;C:\Users\User\.m2\repository\org\seleniumhq\selenium\selenium-firefox-driver\4.0.0-beta-3\selenium-firefox-driver-4.0.0-beta-3.jar;C:\Users\User\.m2\repository\org\seleniumhq\selenium\selenium-firefox-xpi-driver\4.0.0-beta-3\selenium-firefox-xpi-driver-4.0.0-beta-3.jar;C:\Users\User\.m2\repository\org\seleniumhq\selenium\selenium-ie-driver\4.0.0-beta-3\selenium-ie-driver-4.0.0-beta-3.jar;C:\Users\User\.m2\repository\org\seleniumhq\selenium\selenium-opera-driver\4.0.0-beta-3\selenium-opera-driver-4.0.0-beta-3.jar;C:\Users\User\.m2\repository\org\seleniumhq\selenium\selenium-remote-driver\4.0.0-beta-3\selenium-remote-driver-4.0.0-beta-3.jar;C:\Users\User\.m2\repository\io\netty\netty-buffer\4.1.58.Final\netty-buffer-4.1.58.Final.jar;C:\Users\User\.m2\repository\io\netty\netty-codec-http\4.1.58.Final\netty-codec-http-4.1.58.Final.jar;C:\Users\User\.m2\repository\io\netty\netty-codec\4.1.58.Final\netty-codec-4.1.58.Final.jar;C:\Users\User\.m2\repository\io\netty\netty-handler\4.1.58.Final\netty-handler-4.1.58.Final.jar;C:\Users\User\.m2\repository\io\netty\netty-common\4.1.58.Final\netty-common-4.1.58.Final.jar;C:\Users\User\.m2\repository\io\netty\netty-transport-native-epoll\4.1.58.Final\netty-transport-native-epoll-4.1.58.Final.jar;C:\Users\User\.m2\repository\io\netty\netty-transport-native-kqueue\4.1.58.Final\netty-transport-native-kqueue-4.1.58.Final.jar;C:\Users\User\.m2\repository\io\netty\netty-transport-native-unix-common\4.1.58.Final\netty-transport-native-unix-common-4.1.58.Final.jar;C:\Users\User\.m2\repository\io\netty\netty-transport\4.1.58.Final\netty-transport-4.1.58.Final.jar;C:\Users\User\.m2\repository\io\netty\netty-resolver\4.1.58.Final\netty-resolver-4.1.58.Final.jar;C:\Users\User\.m2\repository\io\opentelemetry\opentelemetry-api\1.0.0\opentelemetry-api-1.0.0.jar;C:\Users\User\.m2\repository\io\opentelemetry\opentelemetry-context\1.0.0\opentelemetry-context-1.0.0.jar;C:\Users\User\.m2\repository\io\opentelemetry\opentelemetry-exporter-logging\1.0.0\opentelemetry-exporter-logging-1.0.0.jar;C:\Users\User\.m2\repository\io\opentelemetry\opentelemetry-sdk-metrics\1.0.0-alpha\opentelemetry-sdk-metrics-1.0.0-alpha.jar;C:\Users\User\.m2\repository\io\opentelemetry\opentelemetry-sdk-common\1.0.0\opentelemetry-sdk-common-1.0.0.jar;C:\Users\User\.m2\repository\io\opentelemetry\opentelemetry-sdk-extension-autoconfigure\1.0.0-alpha\opentelemetry-sdk-extension-autoconfigure-1.0.0-alpha.jar;C:\Users\User\.m2\repository\io\opentelemetry\opentelemetry-sdk-trace\1.0.0\opentelemetry-sdk-trace-1.0.0.jar;C:\Users\User\.m2\repository\io\opentelemetry\opentelemetry-api-metrics\1.0.0-alpha\opentelemetry-api-metrics-1.0.0-alpha.jar;C:\Users\User\.m2\repository\io\opentelemetry\opentelemetry-sdk\1.0.0\opentelemetry-sdk-1.0.0.jar;C:\Users\User\.m2\repository\io\opentelemetry\opentelemetry-semconv\1.0.0-alpha\opentelemetry-semconv-1.0.0-alpha.jar;C:\Users\User\.m2\repository\net\bytebuddy\byte-buddy\1.10.19\byte-buddy-1.10.19.jar;C:\Users\User\.m2\repository\org\apache\commons\commons-exec\1.3\commons-exec-1.3.jar;C:\Users\User\.m2\repository\org\asynchttpclient\async-http-client\2.12.2\async-http-client-2.12.2.jar;C:\Users\User\.m2\repository\org\asynchttpclient\async-http-client-netty-utils\2.12.2\async-http-client-netty-utils-2.12.2.jar;C:\Users\User\.m2\repository\io\netty\netty-codec-socks\4.1.53.Final\netty-codec-socks-4.1.53.Final.jar;C:\Users\User\.m2\repository\io\netty\netty-handler-proxy\4.1.53.Final\netty-handler-proxy-4.1.53.Final.jar;C:\Users\User\.m2\repository\io\netty\netty-transport-native-epoll\4.1.53.Final\netty-transport-native-epoll-4.1.53.Final-linux-x86_64.jar;C:\Users\User\.m2\repository\io\netty\netty-transport-native-kqueue\4.1.53.Final\netty-transport-native-kqueue-4.1.53.Final-osx-x86_64.jar;C:\Users\User\.m2\repository\org\reactivestreams\reactive-streams\1.0.3\reactive-streams-1.0.3.jar;C:\Users\User\.m2\repository\com\typesafe\netty\netty-reactive-streams\2.0.4\netty-reactive-streams-2.0.4.jar;C:\Users\User\.m2\repository\com\sun\activation\jakarta.activation\1.2.2\jakarta.activation-1.2.2.jar;C:\Users\User\.m2\repository\org\seleniumhq\selenium\selenium-safari-driver\4.0.0-beta-3\selenium-safari-driver-4.0.0-beta-3.jar;C:\Users\User\.m2\repository\org\seleniumhq\selenium\selenium-support\4.0.0-beta-3\selenium-support-4.0.0-beta-3.jar;C:\Users\User\.m2\repository\org\testng\testng\7.4.0\testng-7.4.0.jar;C:\Users\User\.m2\repository\com\beust\jcommander\1.78\jcommander-1.78.jar;C:\Users\User\.m2\repository\org\webjars\jquery\3.5.1\jquery-3.5.1.jar;C:\Users\User\.m2\repository\org\slf4j\slf4j-simple\1.7.30\slf4j-simple-1.7.30.jar;C:\Users\User\.m2\repository\org\slf4j\slf4j-api\1.7.30\slf4j-api-1.7.30.jar;C:\Users\User\.m2\repository\io\qameta\allure\allure-testng\2.13.6\allure-testng-2.13.6.jar;C:\Users\User\.m2\repository\io\qameta\allure\allure-java-commons\2.13.6\allure-java-commons-2.13.6.jar;C:\Users\User\.m2\repository\io\qameta\allure\allure-model\2.13.6\allure-model-2.13.6.jar;C:\Users\User\.m2\repository\com\fasterxml\jackson\core\jackson-databind\2.11.2\jackson-databind-2.11.2.jar;C:\Users\User\.m2\repository\com\fasterxml\jackson\core\jackson-annotations\2.11.2\jackson-annotations-2.11.2.jar;C:\Users\User\.m2\repository\com\fasterxml\jackson\core\jackson-core\2.11.2\jackson-core-2.11.2.jar;C:\Users\User\.m2\repository\org\apache\tika\tika-core\1.24.1\tika-core-1.24.1.jar;C:\Users\User\.m2\repository\org\jooq\joor-java-8\0.9.13\joor-java-8-0.9.13.jar;"/>
    <property name="java.vm.vendor" value="Oracle Corporation"/>
    <property name="sun.arch.data.model" value="64"/>
    <property name="user.variant" value=""/>
    <property name="java.vendor.url" value="https://java.oracle.com/"/>
    <property name="user.timezone" value="Europe/Moscow"/>
    <property name="os.name" value="Windows 10"/>
    <property name="java.vm.specification.version" value="15"/>
    <property name="sun.java.launcher" value="SUN_STANDARD"/>
    <property name="user.country" value="RU"/>
    <property name="sun.boot.library.path" value="C:\Tools\tools_update\jdk-15.0.2\bin"/>
    <property name="sun.java.command" value="C:\Users\User\AppData\Local\Temp\surefire15248106252949916203\surefirebooter3583289737105904187.jar C:\Users\User\AppData\Local\Temp\surefire15248106252949916203 2021-04-28T00-07-05_595-jvmRun1 surefire16932401294961260947tmp surefire_06078888835333946089tmp"/>
    <property name="jdk.debug" value="release"/>
    <property name="surefire.test.class.path" value="C:\Cases\SimbirSoftTestCase\target\test-classes;C:\Cases\SimbirSoftTestCase\target\classes;C:\Users\User\.m2\repository\org\seleniumhq\selenium\selenium-java\4.0.0-beta-3\selenium-java-4.0.0-beta-3.jar;C:\Users\User\.m2\repository\org\seleniumhq\selenium\selenium-api\4.0.0-beta-3\selenium-api-4.0.0-beta-3.jar;C:\Users\User\.m2\repository\org\seleniumhq\selenium\selenium-chrome-driver\4.0.0-beta-3\selenium-chrome-driver-4.0.0-beta-3.jar;C:\Users\User\.m2\repository\com\google\auto\service\auto-service-annotations\1.0-rc7\auto-service-annotations-1.0-rc7.jar;C:\Users\User\.m2\repository\com\google\auto\service\auto-service\1.0-rc7\auto-service-1.0-rc7.jar;C:\Users\User\.m2\repository\com\google\auto\auto-common\0.10\auto-common-0.10.jar;C:\Users\User\.m2\repository\com\google\guava\guava\30.1-jre\guava-30.1-jre.jar;C:\Users\User\.m2\repository\com\google\guava\failureaccess\1.0.1\failureaccess-1.0.1.jar;C:\Users\User\.m2\repository\com\google\guava\listenablefuture\9999.0-empty-to-avoid-conflict-with-guava\listenablefuture-9999.0-empty-to-avoid-conflict-with-guava.jar;C:\Users\User\.m2\repository\com\google\code\findbugs\jsr305\3.0.2\jsr305-3.0.2.jar;C:\Users\User\.m2\repository\org\checkerframework\checker-qual\3.5.0\checker-qual-3.5.0.jar;C:\Users\User\.m2\repository\com\google\errorprone\error_prone_annotations\2.3.4\error_prone_annotations-2.3.4.jar;C:\Users\User\.m2\repository\com\google\j2objc\j2objc-annotations\1.3\j2objc-annotations-1.3.jar;C:\Users\User\.m2\repository\org\seleniumhq\selenium\selenium-chromium-driver\4.0.0-beta-3\selenium-chromium-driver-4.0.0-beta-3.jar;C:\Users\User\.m2\repository\org\seleniumhq\selenium\selenium-devtools\4.0.0-beta-3\selenium-devtools-4.0.0-beta-3.jar;C:\Users\User\.m2\repository\org\seleniumhq\selenium\selenium-http\4.0.0-beta-3\selenium-http-4.0.0-beta-3.jar;C:\Users\User\.m2\repository\org\seleniumhq\selenium\selenium-json\4.0.0-beta-3\selenium-json-4.0.0-beta-3.jar;C:\Users\User\.m2\repository\org\seleniumhq\selenium\selenium-devtools-v85\4.0.0-beta-3\selenium-devtools-v85-4.0.0-beta-3.jar;C:\Users\User\.m2\repository\org\seleniumhq\selenium\selenium-devtools-v88\4.0.0-beta-3\selenium-devtools-v88-4.0.0-beta-3.jar;C:\Users\User\.m2\repository\org\seleniumhq\selenium\selenium-devtools-v89\4.0.0-beta-3\selenium-devtools-v89-4.0.0-beta-3.jar;C:\Users\User\.m2\repository\org\seleniumhq\selenium\selenium-devtools-v90\4.0.0-beta-3\selenium-devtools-v90-4.0.0-beta-3.jar;C:\Users\User\.m2\repository\org\seleniumhq\selenium\selenium-devtools-v91\4.0.0-beta-3\selenium-devtools-v91-4.0.0-beta-3.jar;C:\Users\User\.m2\repository\org\seleniumhq\selenium\selenium-edge-driver\4.0.0-beta-3\selenium-edge-driver-4.0.0-beta-3.jar;C:\Users\User\.m2\repository\org\seleniumhq\selenium\selenium-firefox-driver\4.0.0-beta-3\selenium-firefox-driver-4.0.0-beta-3.jar;C:\Users\User\.m2\repository\org\seleniumhq\selenium\selenium-firefox-xpi-driver\4.0.0-beta-3\selenium-firefox-xpi-driver-4.0.0-beta-3.jar;C:\Users\User\.m2\repository\org\seleniumhq\selenium\selenium-ie-driver\4.0.0-beta-3\selenium-ie-driver-4.0.0-beta-3.jar;C:\Users\User\.m2\repository\org\seleniumhq\selenium\selenium-opera-driver\4.0.0-beta-3\selenium-opera-driver-4.0.0-beta-3.jar;C:\Users\User\.m2\repository\org\seleniumhq\selenium\selenium-remote-driver\4.0.0-beta-3\selenium-remote-driver-4.0.0-beta-3.jar;C:\Users\User\.m2\repository\io\netty\netty-buffer\4.1.58.Final\netty-buffer-4.1.58.Final.jar;C:\Users\User\.m2\repository\io\netty\netty-codec-http\4.1.58.Final\netty-codec-http-4.1.58.Final.jar;C:\Users\User\.m2\repository\io\netty\netty-codec\4.1.58.Final\netty-codec-4.1.58.Final.jar;C:\Users\User\.m2\repository\io\netty\netty-handler\4.1.58.Final\netty-handler-4.1.58.Final.jar;C:\Users\User\.m2\repository\io\netty\netty-common\4.1.58.Final\netty-common-4.1.58.Final.jar;C:\Users\User\.m2\repository\io\netty\netty-transport-native-epoll\4.1.58.Final\netty-transport-native-epoll-4.1.58.Final.jar;C:\Users\User\.m2\repository\io\netty\netty-transport-native-kqueue\4.1.58.Final\netty-transport-native-kqueue-4.1.58.Final.jar;C:\Users\User\.m2\repository\io\netty\netty-transport-native-unix-common\4.1.58.Final\netty-transport-native-unix-common-4.1.58.Final.jar;C:\Users\User\.m2\repository\io\netty\netty-transport\4.1.58.Final\netty-transport-4.1.58.Final.jar;C:\Users\User\.m2\repository\io\netty\netty-resolver\4.1.58.Final\netty-resolver-4.1.58.Final.jar;C:\Users\User\.m2\repository\io\opentelemetry\opentelemetry-api\1.0.0\opentelemetry-api-1.0.0.jar;C:\Users\User\.m2\repository\io\opentelemetry\opentelemetry-context\1.0.0\opentelemetry-context-1.0.0.jar;C:\Users\User\.m2\repository\io\opentelemetry\opentelemetry-exporter-logging\1.0.0\opentelemetry-exporter-logging-1.0.0.jar;C:\Users\User\.m2\repository\io\opentelemetry\opentelemetry-sdk-metrics\1.0.0-alpha\opentelemetry-sdk-metrics-1.0.0-alpha.jar;C:\Users\User\.m2\repository\io\opentelemetry\opentelemetry-sdk-common\1.0.0\opentelemetry-sdk-common-1.0.0.jar;C:\Users\User\.m2\repository\io\opentelemetry\opentelemetry-sdk-extension-autoconfigure\1.0.0-alpha\opentelemetry-sdk-extension-autoconfigure-1.0.0-alpha.jar;C:\Users\User\.m2\repository\io\opentelemetry\opentelemetry-sdk-trace\1.0.0\opentelemetry-sdk-trace-1.0.0.jar;C:\Users\User\.m2\repository\io\opentelemetry\opentelemetry-api-metrics\1.0.0-alpha\opentelemetry-api-metrics-1.0.0-alpha.jar;C:\Users\User\.m2\repository\io\opentelemetry\opentelemetry-sdk\1.0.0\opentelemetry-sdk-1.0.0.jar;C:\Users\User\.m2\repository\io\opentelemetry\opentelemetry-semconv\1.0.0-alpha\opentelemetry-semconv-1.0.0-alpha.jar;C:\Users\User\.m2\repository\net\bytebuddy\byte-buddy\1.10.19\byte-buddy-1.10.19.jar;C:\Users\User\.m2\repository\org\apache\commons\commons-exec\1.3\commons-exec-1.3.jar;C:\Users\User\.m2\repository\org\asynchttpclient\async-http-client\2.12.2\async-http-client-2.12.2.jar;C:\Users\User\.m2\repository\org\asynchttpclient\async-http-client-netty-utils\2.12.2\async-http-client-netty-utils-2.12.2.jar;C:\Users\User\.m2\repository\io\netty\netty-codec-socks\4.1.53.Final\netty-codec-socks-4.1.53.Final.jar;C:\Users\User\.m2\repository\io\netty\netty-handler-proxy\4.1.53.Final\netty-handler-proxy-4.1.53.Final.jar;C:\Users\User\.m2\repository\io\netty\netty-transport-native-epoll\4.1.53.Final\netty-transport-native-epoll-4.1.53.Final-linux-x86_64.jar;C:\Users\User\.m2\repository\io\netty\netty-transport-native-kqueue\4.1.53.Final\netty-transport-native-kqueue-4.1.53.Final-osx-x86_64.jar;C:\Users\User\.m2\repository\org\reactivestreams\reactive-streams\1.0.3\reactive-streams-1.0.3.jar;C:\Users\User\.m2\repository\com\typesafe\netty\netty-reactive-streams\2.0.4\netty-reactive-streams-2.0.4.jar;C:\Users\User\.m2\repository\com\sun\activation\jakarta.activation\1.2.2\jakarta.activation-1.2.2.jar;C:\Users\User\.m2\repository\org\seleniumhq\selenium\selenium-safari-driver\4.0.0-beta-3\selenium-safari-driver-4.0.0-beta-3.jar;C:\Users\User\.m2\repository\org\seleniumhq\selenium\selenium-support\4.0.0-beta-3\selenium-support-4.0.0-beta-3.jar;C:\Users\User\.m2\repository\org\testng\testng\7.4.0\testng-7.4.0.jar;C:\Users\User\.m2\repository\com\beust\jcommander\1.78\jcommander-1.78.jar;C:\Users\User\.m2\repository\org\webjars\jquery\3.5.1\jquery-3.5.1.jar;C:\Users\User\.m2\repository\org\slf4j\slf4j-simple\1.7.30\slf4j-simple-1.7.30.jar;C:\Users\User\.m2\repository\org\slf4j\slf4j-api\1.7.30\slf4j-api-1.7.30.jar;C:\Users\User\.m2\repository\io\qameta\allure\allure-testng\2.13.6\allure-testng-2.13.6.jar;C:\Users\User\.m2\repository\io\qameta\allure\allure-java-commons\2.13.6\allure-java-commons-2.13.6.jar;C:\Users\User\.m2\repository\io\qameta\allure\allure-model\2.13.6\allure-model-2.13.6.jar;C:\Users\User\.m2\repository\com\fasterxml\jackson\core\jackson-databind\2.11.2\jackson-databind-2.11.2.jar;C:\Users\User\.m2\repository\com\fasterxml\jackson\core\jackson-annotations\2.11.2\jackson-annotations-2.11.2.jar;C:\Users\User\.m2\repository\com\fasterxml\jackson\core\jackson-core\2.11.2\jackson-core-2.11.2.jar;C:\Users\User\.m2\repository\org\apache\tika\tika-core\1.24.1\tika-core-1.24.1.jar;C:\Users\User\.m2\repository\org\jooq\joor-java-8\0.9.13\joor-java-8-0.9.13.jar;"/>
    <property name="allure.results.directory" value="C:\Cases\SimbirSoftTestCase\target/allure-results"/>
    <property name="sun.cpu.endian" value="little"/>
    <property name="user.home" value="C:\Users\User"/>
    <property name="user.language" value="ru"/>
    <property name="java.specification.vendor" value="Oracle Corporation"/>
    <property name="java.version.date" value="2021-01-19"/>
    <property name="java.home" value="C:\Tools\tools_update\jdk-15.0.2"/>
    <property name="file.separator" value="\"/>
    <property name="basedir" value="C:\Cases\SimbirSoftTestCase"/>
    <property name="java.vm.compressedOopsMode" value="32-bit"/>
    <property name="line.separator" value="&#10;"/>
    <property name="java.vm.specification.vendor" value="Oracle Corporation"/>
    <property name="java.specification.name" value="Java Platform API Specification"/>
    <property name="surefire.real.class.path" value="C:\Users\User\AppData\Local\Temp\surefire15248106252949916203\surefirebooter3583289737105904187.jar"/>
    <property name="user.script" value=""/>
    <property name="sun.management.compiler" value="HotSpot 64-Bit Tiered Compilers"/>
    <property name="java.runtime.version" value="15.0.2+7-27"/>
    <property name="user.name" value="User"/>
    <property name="path.separator" value=";"/>
    <property name="os.version" value="10.0"/>
    <property name="java.runtime.name" value="OpenJDK Runtime Environment"/>
    <property name="file.encoding" value="UTF-8"/>
    <property name="java.vm.name" value="OpenJDK 64-Bit Server VM"/>
    <property name="localRepository" value="C:\Users\User\.m2\repository"/>
    <property name="java.vendor.url.bug" value="https://bugreport.java.com/bugreport/"/>
    <property name="java.io.tmpdir" value="C:\Users\User\AppData\Local\Temp\"/>
    <property name="idea.version" value="2021.1"/>
    <property name="java.version" value="15.0.2"/>
    <property name="user.dir" value="C:\Cases\SimbirSoftTestCase"/>
    <property name="os.arch" value="amd64"/>
    <property name="java.vm.specification.name" value="Java Virtual Machine Specification"/>
    <property name="sun.os.patch.level" value=""/>
    <property name="java.library.path" value="C:\Tools\tools_update\jdk-15.0.2\bin;C:\WINDOWS\Sun\Java\bin;C:\WINDOWS\system32;C:\WINDOWS;C:\Program Files\Common Files\Oracle\Java\javapath;C:\Windows\system32;C:\Windows;C:\Windows\System32\Wbem;C:\Windows\System32\WindowsPowerShell\v1.0\;C:\Program Files\Git\cmd;C:\Program Files (x86)\Windows Live\Shared;C:\Tools\tools_update\jdk-15.0.1;C:\Tools\tools_update\apache-maven-3.6.3\bin;C:\WINDOWS\system32;C:\WINDOWS;C:\WINDOWS\System32\Wbem;C:\WINDOWS\System32\WindowsPowerShell\v1.0\;C:\WINDOWS\System32\OpenSSH\;C:\Android;C:\Program Files\Intel\WiFi\bin\;C:\Program Files\Common Files\Intel\WirelessCommon\;C:\Program Files (x86)\Intel\Intel(R) Management Engine Components\DAL;C:\Program Files\Intel\Intel(R) Management Engine Components\DAL;C:\Users\User\scoop\shims;C:\Users\User\AppData\Local\Microsoft\WindowsApps;C:\Program Files\heroku\bin;C:\WINDOWS\system32;C:\WINDOWS;C:\WINDOWS\System32\Wbem;C:\WINDOWS\System32\WindowsPowerShell\v1.0\;C:\WINDOWS\System32\OpenSSH\;C:\Program Files (x86)\NVIDIA Corporation\PhysX\Common;C:\Tools\apache-tomcat-9.0.41;C:\Tools\web_drivers;C:\Tools\allure-2.13.9\bin;C:\Users\User\scoop\shims;C:\Users\User\AppData\Local\Microsoft\WindowsApps;C:\Program Files\heroku\bin;C:\Tools\tools_update\jdk-15.0.1;C:\Users\User\Desktop\curl-7.68.0-win64-mingw\bin;C:\Program Files\Intel\WiFi\bin\;C:\Program Files\Common Files\Intel\WirelessCommon\;C:\Users\User\AppData\Local\Microsoft\WindowsApps;C:\Program Files\JetBrains\IntelliJ IDEA 2020.2.4\bin;;C:\Program Files\Mozilla Firefox;C:\Tools\web_drivers;C:\Tools\allure-2.13.9\bin;;."/>
    <property name="java.vm.info" value="mixed mode, sharing"/>
    <property name="java.vendor" value="Oracle Corporation"/>
    <property name="java.vm.version" value="15.0.2+7-27"/>
    <property name="sun.io.unicode.encoding" value="UnicodeLittle"/>
    <property name="java.class.version" value="59.0"/>
  </properties>
  <testcase name="simpleTest" classname="ru.kocheshkov.tests.FirstTest" time="18.799"/>
</testsuite>