<?xml version="1.0" encoding="UTF-8"?>
<!-- Generated by org.testng.reporters.JUnitReportReporter -->
<testsuite hostname="Ivan_Mechnikov" failures="0" tests="1" name="ru.kocheshkov.tests.FirstTest" time="18.796" errors="0" timestamp="2021-04-28T00:07:27 MSK" skipped="0">
  <testcase classname="ru.kocheshkov.tests.FirstTest" name="simpleTest" time="18.796"/>
  <system-out/>
</testsuite> <!-- ru.kocheshkov.tests.FirstTest -->
